<?xml version="1.0" encoding="UTF-8"?>
<!-- Generated by org.testng.reporters.JUnitReportReporter -->
<testsuite skipped="0" hostname="DESKTOP-IS32QUT" name="screenshot.GoogleScreenshot" tests="1" failures="0" timestamp="04 Dec 2021 13:11:01 GMT" time="36.560" errors="0">
  <testcase name="TakeScreenshot" time="36.560" classname="screenshot.GoogleScreenshot"/>
</testsuite> <!-- screenshot.GoogleScreenshot -->
